<?xml version="1.0" encoding="UTF-8"?>
<testsuite name="QuantityMeasurementTest" tests="1" skipped="0" failures="0" errors="0" timestamp="2020-01-28T05:58:52" hostname="admin1-HP-EliteBook-Folio-9480m" time="0.001">
  <properties/>
  <testcase name="givenFeetAndFeet_shouldReturnEqual" classname="QuantityMeasurementTest" time="0.001"/>
  <system-out><![CDATA[]]></system-out>
  <system-err><![CDATA[]]></system-err>
</testsuite>
