<?xml version="1.0" encoding="UTF-8"?>
<testsuite name="QuantityComparisonTest" tests="23" skipped="0" failures="0" errors="0" timestamp="2020-02-03T08:51:23" hostname="admin1-HP-EliteBook-Folio-9480m" time="0.015">
  <properties/>
  <testcase name="given1InchAnd1Feet_shouldReturnFalse" classname="QuantityComparisonTest" time="0.002"/>
  <testcase name="givenSameReferenceOfInch_shouldReturnTrue" classname="QuantityComparisonTest" time="0.0"/>
  <testcase name="givenFeetAndInch_shouldReturnEqual" classname="QuantityComparisonTest" time="0.0"/>
  <testcase name="given1YardAnd3Feet_shouldReturnTrue" classname="QuantityComparisonTest" time="0.0"/>
  <testcase name="given36InchAnd1Yard_shouldReturnTrue" classname="QuantityComparisonTest" time="0.001"/>
  <testcase name="given212FahrenheitAnd100Celsius_shouldReturnEqual" classname="QuantityComparisonTest" time="0.002"/>
  <testcase name="givenSameClassOfFeet_shouldReturnEqual" classname="QuantityComparisonTest" time="0.0"/>
  <testcase name="given1LiterAnd1000MilliLiter_shouldReturnTrue" classname="QuantityComparisonTest" time="0.001"/>
  <testcase name="given3FeetAnd1Yard_shouldReturnTrue" classname="QuantityComparisonTest" time="0.0"/>
  <testcase name="given1YardAnd36Inch_shouldReturnTrue" classname="QuantityComparisonTest" time="0.0"/>
  <testcase name="givenInchAndInch_shouldReturnEqual" classname="QuantityComparisonTest" time="0.0"/>
  <testcase name="givenFeetAndFeet_shouldReturnEqual" classname="QuantityComparisonTest" time="0.0"/>
  <testcase name="given12InchAnd1Feet_shouldReturnTrue" classname="QuantityComparisonTest" time="0.0"/>
  <testcase name="givenSameReferenceOfFeet_shouldReturnEqual" classname="QuantityComparisonTest" time="0.0"/>
  <testcase name="given1KiloGramAnd1000Gram_shouldReturnEqual" classname="QuantityComparisonTest" time="0.0"/>
  <testcase name="given1GallonAnd3point78Liter_shouldReturnTrue" classname="QuantityComparisonTest" time="0.001"/>
  <testcase name="given2InchAnd5CM_shouldReturnTrue" classname="QuantityComparisonTest" time="0.0"/>
  <testcase name="given1TonAnd1000KG_shouldReturnEqual" classname="QuantityComparisonTest" time="0.0"/>
  <testcase name="givenSameClassOfInch_shouldReturnTrue" classname="QuantityComparisonTest" time="0.0"/>
  <testcase name="given1FeetAnd1Inch_shouldReturnFalse" classname="QuantityComparisonTest" time="0.0"/>
  <testcase name="given1InchAnd1Yard_shouldReturnFalse" classname="QuantityComparisonTest" time="0.0"/>
  <testcase name="given1FeetAnd12Inch_shouldReturnTrue" classname="QuantityComparisonTest" time="0.001"/>
  <testcase name="given1FeetAnd1Yard_shouldReturnFalse" classname="QuantityComparisonTest" time="0.0"/>
  <system-out><![CDATA[]]></system-out>
  <system-err><![CDATA[]]></system-err>
</testsuite>
