<?xml version="1.0" encoding="UTF-8"?>
<testsuite name="VolumeComparisonTest" tests="2" skipped="0" failures="0" errors="0" timestamp="2020-01-29T11:42:40" hostname="admin1-HP-EliteBook-Folio-9480m" time="0.003">
  <properties/>
  <testcase name="given1LiterAnd1000MilliLiter_shouldReturnTrue" classname="VolumeComparisonTest" time="0.002"/>
  <testcase name="given1GallonAnd3point78Liter_shouldReturnTrue" classname="VolumeComparisonTest" time="0.001"/>
  <system-out><![CDATA[]]></system-out>
  <system-err><![CDATA[]]></system-err>
</testsuite>
