<?xml version="1.0" encoding="UTF-8"?>
<testsuite name="QuantityMeasurementTest" tests="1" skipped="0" failures="0" errors="0" timestamp="2020-01-28T11:03:35" hostname="admin1-HP-EliteBook-Folio-9480m" time="0.002">
  <properties/>
  <testcase name="given2InchAnd5CM_shouldReturnTrue" classname="QuantityMeasurementTest" time="0.002"/>
  <system-out><![CDATA[]]></system-out>
  <system-err><![CDATA[]]></system-err>
</testsuite>
