<?xml version="1.0" encoding="UTF-8"?>
<testsuite name="QuantityComparisonTest" tests="1" skipped="0" failures="0" errors="0" timestamp="2020-01-29T12:42:42" hostname="admin1-HP-EliteBook-Folio-9480m" time="0.003">
  <properties/>
  <testcase name="given212FahrenheitAnd100Celsius_shouldReturnEqual" classname="QuantityComparisonTest" time="0.003"/>
  <system-out><![CDATA[]]></system-out>
  <system-err><![CDATA[]]></system-err>
</testsuite>
