<?xml version="1.0" encoding="UTF-8"?>
<testsuite name="QuantityMeasurementTest" tests="4" skipped="0" failures="0" errors="0" timestamp="2020-01-28T06:43:28" hostname="admin1-HP-EliteBook-Folio-9480m" time="0.003">
  <properties/>
  <testcase name="givenSameClassOfFeet_shouldReturnEqual" classname="QuantityMeasurementTest" time="0.001"/>
  <testcase name="givenInchAndInch_shouldReturnEqual" classname="QuantityMeasurementTest" time="0.0"/>
  <testcase name="givenFeetAndFeet_shouldReturnEqual" classname="QuantityMeasurementTest" time="0.0"/>
  <testcase name="givenSameReferenceOfFeet_shouldReturnEqual" classname="QuantityMeasurementTest" time="0.0"/>
  <system-out><![CDATA[]]></system-out>
  <system-err><![CDATA[]]></system-err>
</testsuite>
