<?xml version="1.0" encoding="UTF-8"?>
<testsuite name="QuantityAdditionMockitoTest" tests="1" skipped="0" failures="0" errors="0" timestamp="2020-02-07T11:01:42" hostname="admin1-LIVA-Z2V" time="0.214">
  <properties/>
  <testcase name="given1000TonAnd1000GM_shouldReturnAddition" classname="QuantityAdditionMockitoTest" time="0.214"/>
  <system-out><![CDATA[]]></system-out>
  <system-err><![CDATA[]]></system-err>
</testsuite>
