<?xml version="1.0" encoding="UTF-8"?>
<testsuite name="QuantityAdditionTest" tests="1" skipped="0" failures="0" errors="0" timestamp="2020-01-29T12:19:07" hostname="admin1-HP-EliteBook-Folio-9480m" time="0.006">
  <properties/>
  <testcase name="given1000TonAnd1000GM_shouldReturnAddition" classname="QuantityAdditionTest" time="0.006"/>
  <system-out><![CDATA[1001.0
]]></system-out>
  <system-err><![CDATA[]]></system-err>
</testsuite>
