<?xml version="1.0" encoding="UTF-8"?>
<testsuite name="MeasurementAdditionTest" tests="4" skipped="0" failures="0" errors="0" timestamp="2020-01-28T13:02:07" hostname="admin1-HP-EliteBook-Folio-9480m" time="0.012">
  <properties/>
  <testcase name="given1FeetAnd1Feet_shouldReturnAddition" classname="MeasurementAdditionTest" time="0.006"/>
  <testcase name="given1FeetAnd2Inch_shouldReturnAddition" classname="MeasurementAdditionTest" time="0.0"/>
  <testcase name="given2InchAnd2point5CM_shouldReturnAddition" classname="MeasurementAdditionTest" time="0.0"/>
  <testcase name="given2InchAnd2Inch_shouldReturnAddition" classname="MeasurementAdditionTest" time="0.001"/>
  <system-out><![CDATA[]]></system-out>
  <system-err><![CDATA[]]></system-err>
</testsuite>
